<?xml version="1.0" encoding="UTF-8"?>
<testsuite xmlns:xsi="http://www.w3.org/2001/XMLSchema-instance" xsi:noNamespaceSchemaLocation="https://maven.apache.org/surefire/maven-surefire-plugin/xsd/surefire-test-report.xsd" version="3.0.2" name="com.example.lab7_673380277_1_sec2.Lab76733802771Sec2ApplicationTests" time="3.214" tests="1" errors="0" skipped="0" failures="0" flakes="0">
  <properties>
[...]
</properties>
  <testcase name="contextLoads" classname="com.example.lab7_673380277_1_sec2.Lab76733802771Sec2ApplicationTests" time="0.228">
    <system-out><![CDATA[15:23:45.993 [main] INFO org.springframework.test.context.support.AnnotationConfigContextLoaderUtils -- Could not detect default configuration classes for test class [com.example.lab7_673380277_1_sec2.Lab76733802771Sec2ApplicationTests]: Lab76733802771Sec2ApplicationTests does not declare any static, non-private, non-final, nested classes annotated with @Configuration.
15:23:46.076 [main] INFO org.springframework.boot.test.context.SpringBootTestContextBootstrapper -- Found @SpringBootConfiguration com.example.lab7_673380277_1_sec2.Lab76733802771Sec2Application for test class com.example.lab7_673380277_1_sec2.Lab76733802771Sec2ApplicationTests
15:23:46.139 [main] INFO org.springframework.test.context.support.AnnotationConfigContextLoaderUtils -- Could not detect default configuration classes for test class [com.example.lab7_673380277_1_sec2.Lab76733802771Sec2ApplicationTests]: Lab76733802771Sec2ApplicationTests does not declare any static, non-private, non-final, nested classes annotated with @Configuration.
15:23:46.141 [main] INFO org.springframework.boot.test.context.SpringBootTestContextBootstrapper -- Found @SpringBootConfiguration com.example.lab7_673380277_1_sec2.Lab76733802771Sec2Application for test class com.example.lab7_673380277_1_sec2.Lab76733802771Sec2ApplicationTests

  .   ____          _            __ _ _
 /\\ / ___'_ __ _ _(_)_ __  __ _ \ \ \ \
( ( )\___ | '_ | '_| | '_ \/ _` | \ \ \ \
 \\/  ___)| |_)| | | | | || (_| |  ) ) ) )
  '  |____| .__|_| |_|_| |_\__, | / / / /
 =========|_|==============|___/=/_/_/_/

 :: Spring Boot ::                (v4.1.0)

2026-08-05T15:23:46.385+07:00  INFO 106828 --- [lab7] [           main] c.e.l.Lab76733802771Sec2ApplicationTests : Starting Lab76733802771Sec2ApplicationTests using Java 26.0.1 with PID 106828 (started by computer in C:\Users\computer\Desktop\673380277-1\Lab7\lab7-673380277-1-sec2)
2026-08-05T15:23:46.387+07:00  INFO 106828 --- [lab7] [           main] c.e.l.Lab76733802771Sec2ApplicationTests : No active profile set, falling back to 1 default profile: "default"
2026-08-05T15:23:46.822+07:00  INFO 106828 --- [lab7] [           main] .s.d.r.c.RepositoryConfigurationDelegate : Bootstrapping Spring Data JPA repositories in DEFAULT mode.
2026-08-05T15:23:46.864+07:00  INFO 106828 --- [lab7] [           main] .s.d.r.c.RepositoryConfigurationDelegate : Finished Spring Data repository scanning in 35 ms. Found 1 JPA repository interface.
2026-08-05T15:23:47.138+07:00  INFO 106828 --- [lab7] [           main] org.hibernate.orm.jpa                    : HHH008540: Processing PersistenceUnitInfo [name: default]
2026-08-05T15:23:47.177+07:00  INFO 106828 --- [lab7] [           main] org.hibernate.orm.core                   : HHH000001: Hibernate ORM core version 7.4.1.Final
2026-08-05T15:23:47.524+07:00  INFO 106828 --- [lab7] [           main] o.s.o.j.p.SpringPersistenceUnitInfo      : No LoadTimeWeaver setup: ignoring JPA class transformer
2026-08-05T15:23:47.549+07:00  INFO 106828 --- [lab7] [           main] com.zaxxer.hikari.HikariDataSource       : HikariPool-1 - Starting...
2026-08-05T15:23:47.676+07:00  INFO 106828 --- [lab7] [           main] com.zaxxer.hikari.pool.HikariPool        : HikariPool-1 - Added connection org.postgresql.jdbc.PgConnection@22a63740
2026-08-05T15:23:47.678+07:00  INFO 106828 --- [lab7] [           main] com.zaxxer.hikari.HikariDataSource       : HikariPool-1 - Start completed.
2026-08-05T15:23:47.702+07:00  WARN 106828 --- [lab7] [           main] org.hibernate.orm.deprecation            : HHH90000025: PostgreSQLDialect does not need to be specified explicitly using 'hibernate.dialect' (remove the property setting and it will be selected by default)
2026-08-05T15:23:47.723+07:00  INFO 106828 --- [lab7] [           main] org.hibernate.orm.connections.pooling    : HHH10001005: Database info:
	Database JDBC URL [jdbc:postgresql://localhost:5432/lab7demo]
	Database driver: PostgreSQL JDBC Driver
	Database dialect: PostgreSQLDialect
	Database version: 17.10
	Default catalog/schema: lab7demo/public
	Autocommit mode: undefined/unknown
	Isolation level: READ_COMMITTED [default READ_COMMITTED]
	JDBC fetch size: none
	Pool: DataSourceConnectionProvider
	Minimum pool size: undefined/unknown
	Maximum pool size: undefined/unknown
2026-08-05T15:23:48.262+07:00  INFO 106828 --- [lab7] [           main] org.hibernate.orm.core                   : HHH000489: No JTA platform available (set 'hibernate.transaction.jta.platform' to enable JTA platform integration)
2026-08-05T15:23:48.301+07:00  INFO 106828 --- [lab7] [           main] j.LocalContainerEntityManagerFactoryBean : Initialized JPA EntityManagerFactory for persistence unit 'default'
2026-08-05T15:23:48.372+07:00  INFO 106828 --- [lab7] [           main] o.s.d.j.r.query.QueryEnhancerFactories   : Hibernate is in classpath; If applicable, HQL parser will be used.
2026-08-05T15:23:48.507+07:00  WARN 106828 --- [lab7] [           main] JpaBaseConfiguration$JpaWebConfiguration : spring.jpa.open-in-view is enabled by default. Therefore, database queries may be performed during view rendering. Explicitly configure spring.jpa.open-in-view to disable this warning
2026-08-05T15:23:48.839+07:00  INFO 106828 --- [lab7] [           main] c.e.l.Lab76733802771Sec2ApplicationTests : Started Lab76733802771Sec2ApplicationTests in 2.647 seconds (process running for 3.423)
]]></system-out>
    <system-err><![CDATA[Mockito is currently self-attaching to enable the inline-mock-maker. This will no longer work in future releases of the JDK. Please add Mockito as an agent to your build as described in Mockito's documentation: https://javadoc.io/doc/org.mockito/mockito-core/latest/org.mockito/org/mockito/Mockito.html#0.3
WARNING: A Java agent has been loaded dynamically (C:\Users\computer\.m2\repository\net\bytebuddy\byte-buddy-agent\1.18.10\byte-buddy-agent-1.18.10.jar)
WARNING: If a serviceability tool is in use, please run with -XX:+EnableDynamicAgentLoading to hide this warning
WARNING: If a serviceability tool is not in use, please run with -Djdk.instrument.traceUsage for more information
WARNING: Dynamic loading of agents will be disallowed by default in a future release
]]></system-err>
  </testcase>
</testsuite>